                         Chronologic VCS (TM)
        Version O-2018.09-1_Full64 -- Thu Jun 25 15:54:45 2026
               Copyright (c) 1991-2018 by Synopsys Inc.
                         ALL RIGHTS RESERVED

This program is proprietary and confidential information of Synopsys Inc.
and may be used and disclosed only as authorized in a license agreement
controlling such use and disclosure.

Parsing design file '../rtl/async_fifo.v'
Parsing design file '../rtl/SPI_Flash.v'
Parsing design file '../tb/tb_SPI_Flash.sv'
Top Level Modules:
       tb_SPI_Flash
TimeScale is 1 ns / 1 ps
Starting vcs inline pass...
1 module and 0 UDP read.
recompiling module tb_SPI_Flash
make[1]: Entering directory '/home/ICer/ic_prjs/Pre_JobTraining/sim/csrc'
make[1]: Leaving directory '/home/ICer/ic_prjs/Pre_JobTraining/sim/csrc'
make[1]: Entering directory '/home/ICer/ic_prjs/Pre_JobTraining/sim/csrc'
rm -f _csrc*.so pre_vcsobj_*.so share_vcsobj_*.so
ld -shared  -Bsymbolic  -o .//../simv.daidir//_csrc0.so objs/amcQw_d.o 
rm -f _csrc0.so
if [ -x ../simv ]; then chmod -x ../simv; fi
g++  -o ../simv    -Wl,-rpath-link=./ -Wl,-rpath='$ORIGIN'/simv.daidir/ -Wl,-rpath=./simv.daidir/ -Wl,-rpath='$ORIGIN'/simv.daidir//scsim.db.dir  -rdynamic  -Wl,-rpath=/home/synopsys/vcs-mx/O-2018.09-1/linux64/lib -L/home/synopsys/vcs-mx/O-2018.09-1/linux64/lib     _7528_archive_1.so _prev_archive_1.so _csrc0.so  SIM_l.o  _csrc0.so     rmapats_mop.o rmapats.o rmar.o rmar_nd.o  rmar_llvm_0_1.o rmar_llvm_0_0.o          -lzerosoft_rt_stubs -lvirsim -lerrorinf -lsnpsmalloc -lvfs /home/synopsys/verdi/Verdi_O-2018.09-SP2/share/PLI/VCS/LINUX64/pli.a    -lvcsnew -lsimprofile -luclinative /home/synopsys/vcs-mx/O-2018.09-1/linux64/lib/vcs_tls.o   -Wl,-whole-archive -lvcsucli -Wl,-no-whole-archive        _vcs_pli_stub_.o   /home/synopsys/vcs-mx/O-2018.09-1/linux64/lib/vcs_save_restore_new.o /home/synopsys/verdi/Verdi_O-2018.09-SP2/share/PLI/VCS/LINUX64/pli.a -ldl -lm  -lc -lpthread -ldl 
../simv up to date
make[1]: Leaving directory '/home/ICer/ic_prjs/Pre_JobTraining/sim/csrc'
CPU time: .462 seconds to compile + .432 seconds to elab + .182 seconds to link
